2026-03-04T11:14:55.297Z - TypeError: Cannot read properties of null (reading 'notifications')
    at getNotifications (file:///D:/Projects/projects/Project-Management-App/server/controllers/user.js:142:32)
    at processTicksAndRejections (node:internal/process/task_queues:105:5)
    at runNextTicks (node:internal/process/task_queues:69:3)
    at process.processImmediate (node:internal/timers:459:9)
2026-03-04T11:14:55.316Z - TypeError: Cannot read properties of null (reading 'projects')
    at getUserProjects (file:///D:/Projects/projects/Project-Management-App/server/controllers/user.js:269:28)
    at process.processTicksAndRejections (node:internal/process/task_queues:105:5)
2026-03-04T11:15:18.949Z - TypeError: Cannot read properties of null (reading 'notifications')
    at getNotifications (file:///D:/Projects/projects/Project-Management-App/server/controllers/user.js:142:32)
    at process.processTicksAndRejections (node:internal/process/task_queues:105:5)
2026-03-04T11:15:18.966Z - TypeError: Cannot read properties of null (reading 'projects')
    at getUserProjects (file:///D:/Projects/projects/Project-Management-App/server/controllers/user.js:269:28)
    at process.processTicksAndRejections (node:internal/process/task_queues:105:5)
2026-03-04T11:15:34.531Z - TypeError: Cannot read properties of null (reading 'notifications')
    at getNotifications (file:///D:/Projects/projects/Project-Management-App/server/controllers/user.js:142:32)
    at processTicksAndRejections (node:internal/process/task_queues:105:5)
    at runNextTicks (node:internal/process/task_queues:69:3)
    at process.processImmediate (node:internal/timers:459:9)
2026-03-04T11:15:34.548Z - TypeError: Cannot read properties of null (reading 'projects')
    at getUserProjects (file:///D:/Projects/projects/Project-Management-App/server/controllers/user.js:269:28)
    at process.processTicksAndRejections (node:internal/process/task_queues:105:5)
2026-03-04T11:16:11.718Z - TypeError: Cannot read properties of null (reading 'projects')
    at getUserProjects (file:///D:/Projects/projects/Project-Management-App/server/controllers/user.js:269:28)
    at process.processTicksAndRejections (node:internal/process/task_queues:105:5)
2026-03-04T11:16:11.743Z - Error: User not found!
    at createError (file:///D:/Projects/projects/Project-Management-App/server/error.js:2:17)
    at getTasks (file:///D:/Projects/projects/Project-Management-App/server/controllers/user.js:222:28)
    at process.processTicksAndRejections (node:internal/process/task_queues:105:5)
2026-03-04T11:16:26.583Z - Error: User not found
    at createError (file:///D:/Projects/projects/Project-Management-App/server/error.js:2:17)
    at warpDriveProject (file:///D:/Projects/projects/Project-Management-App/server/controllers/project.js:1160:28)
    at process.processTicksAndRejections (node:internal/process/task_queues:105:5)
2026-03-04T11:29:29.816Z - Error: Failed to generate project scaffold via AI.
    at generateProjectScaffold (file:///D:/Projects/projects/Project-Management-App/server/utils/warpDrive.js:64:15)
    at process.processTicksAndRejections (node:internal/process/task_queues:105:5)
    at async warpDriveProject (file:///D:/Projects/projects/Project-Management-App/server/controllers/project.js:1165:23)
